<?xml version="1.0" encoding="UTF-8"?>
<testsuite xmlns:xsi="http://www.w3.org/2001/XMLSchema-instance" xsi:schemaLocation="https://maven.apache.org/surefire/maven-surefire-plugin/xsd/surefire-test-report.xsd" name="dao.Sql2oNewsDaoTest" time="71.142" tests="3" errors="1" skipped="0" failures="0">
  <properties>
[...]
</properties>
  <testcase name="getAll" classname="dao.Sql2oNewsDaoTest" time="24.223">
    <error message="Database error: ERROR: syntax error at or near &quot;RETURNING&quot;&#10;  Position: 20" type="org.sql2o.Sql2oException">org.sql2o.Sql2oException: 
Database error: ERROR: syntax error at or near "RETURNING"
  Position: 20
	at dao.Sql2oNewsDaoTest.getAll(Sql2oNewsDaoTest.java:86)
Caused by: org.postgresql.util.PSQLException: 
ERROR: syntax error at or near "RETURNING"
  Position: 20
	at dao.Sql2oNewsDaoTest.getAll(Sql2oNewsDaoTest.java:86)
</error>
    <system-out><![CDATA[connected to database
clearing database
]]></system-out>
    <system-err><![CDATA[SLF4J: Failed to load class "org.slf4j.impl.StaticLoggerBinder".
SLF4J: Defaulting to no-operation (NOP) logger implementation
SLF4J: See http://www.slf4j.org/codes.html#StaticLoggerBinder for further details.
]]></system-err>
  </testcase>
  <testcase name="addNews" classname="dao.Sql2oNewsDaoTest" time="23.77"/>
  <testcase name="addDepartmentNews" classname="dao.Sql2oNewsDaoTest" time="23.145"/>
</testsuite>