<?xml version="1.0" encoding="UTF-8"?>
<testsuite xmlns:xsi="http://www.w3.org/2001/XMLSchema-instance" xsi:schemaLocation="https://maven.apache.org/surefire/maven-surefire-plugin/xsd/surefire-test-report.xsd" name="models.UserTest" time="0.049" tests="4" errors="0" skipped="0" failures="0">
  <properties>
[...]
</properties>
  <testcase name="User_instantiatesCorrectly" classname="models.UserTest" time="0.003"/>
  <testcase name="User_getsRoleCorrectly" classname="models.UserTest" time="0"/>
  <testcase name="User_getsPositionCorrectly" classname="models.UserTest" time="0"/>
  <testcase name="User_getsNameCorrectly" classname="models.UserTest" time="0"/>
</testsuite>